<?xml version="1.0" encoding="UTF-8"?>
<testsuite name="com.example.maalarm.finalalarm.ExampleUnitTest" tests="1" skipped="0" failures="0" errors="0" timestamp="2020-04-26T06:10:24" hostname="DESKTOP-8KF17R9" time="0.0">
  <properties/>
  <testcase name="addition_isCorrect" classname="com.example.maalarm.finalalarm.ExampleUnitTest" time="0.0"/>
  <system-out><![CDATA[]]></system-out>
  <system-err><![CDATA[]]></system-err>
</testsuite>
